{
  "stats": {
    "suites": 1,
    "tests": 6,
    "passes": 5,
    "pending": 0,
    "failures": 1,
    "start": "2021-05-18T09:32:30.086Z",
    "end": "2021-05-18T09:33:17.357Z",
    "duration": 47053,
    "testsRegistered": 6,
    "passPercent": 83.33333333333333,
    "pendingPercent": 0,
    "other": 0,
    "hasOther": false,
    "skipped": 0,
    "hasSkipped": false
  },
  "results": [
    {
      "uuid": "55fa63ba-69b6-4ac5-89a3-5acce4f90460",
      "title": "",
      "fullFile": "cypress/Tests/SERP.spec.js",
      "file": "cypress/Tests/SERP.spec.js",
      "beforeHooks": [],
      "afterHooks": [],
      "tests": [],
      "suites": [
        {
          "uuid": "97692c34-b0c7-4e77-bd50-bb3e6ab02ad5",
          "title": "Open Weather - SERP - UI Level",
          "fullFile": "",
          "file": "",
          "beforeHooks": [],
          "afterHooks": [],
          "tests": [
            {
              "title": "TC1 - Verify user can search a valid given city",
              "fullTitle": "Open Weather - SERP - UI Level TC1 - Verify user can search a valid given city",
              "timedOut": null,
              "duration": 19611,
              "state": "passed",
              "speed": "slow",
              "pass": true,
              "fail": false,
              "pending": false,
              "context": null,
              "code": "const testCities = ['Ho Chi Minh', 'tokyo', 'Bern, CH'];\ncy.visit(_URL.default.serpPage);\ncy.wait('@dataLoaded');\ncy.wrap(testCities).each(city => {\n  cy.searchCity(city);\n  cy.wait('@citySuggestionLoaded').then(({\n    response\n  }) => {\n    const {\n      body: {\n        list: [selectedCity]\n      }\n    } = response;\n    cy.wait('@dataLoaded').then(({\n      request,\n      response\n    }) => {\n      const {\n        body: {\n          lat: actualLat,\n          lon: actualLon\n        }\n      } = response;\n      expect(request.url).include(`lat=${selectedCity.coord.lat}`);\n      expect(request.url).include(`lon=${selectedCity.coord.lon}`);\n      expect(actualLat).to.eq(selectedCity.coord.lat);\n      expect(actualLon).to.eq(selectedCity.coord.lon);\n      cy.url().should('contain', selectedCity.id);\n      cy.getCookie(_Cookie.default.cityId).should('have.property', 'value', String(selectedCity.id));\n    });\n  });\n});",
              "err": {},
              "uuid": "47db68ae-06aa-4c95-9476-4e890bea5082",
              "parentUUID": "97692c34-b0c7-4e77-bd50-bb3e6ab02ad5",
              "isHook": false,
              "skipped": false
            },
            {
              "title": "TC2 - Verify current city's weather is automatically displayed when openning the page",
              "fullTitle": "Open Weather - SERP - UI Level TC2 - Verify current city's weather is automatically displayed when openning the page",
              "timedOut": null,
              "duration": 4110,
              "state": "passed",
              "speed": "slow",
              "pass": true,
              "fail": false,
              "pending": false,
              "context": null,
              "code": "const testCities = [{\n  id: '2660764',\n  name: 'Flamatt, CH'\n}];\ncy.wrap(testCities).each(city => {\n  cy.clearCookie(_Cookie.default.cityId);\n  cy.setCookie(_Cookie.default.cityId, city.id);\n  cy.visit(_URL.default.serpPage);\n  cy.wait('@dataLoaded');\n  cy.get(_SERP.default.cityName).should('contain', city.name);\n});",
              "err": {},
              "uuid": "265432a0-e614-426f-a642-d5cb3af4466e",
              "parentUUID": "97692c34-b0c7-4e77-bd50-bb3e6ab02ad5",
              "isHook": false,
              "skipped": false
            },
            {
              "title": "TC3 - Verify API error codes returned are handled properly",
              "fullTitle": "Open Weather - SERP - UI Level TC3 - Verify API error codes returned are handled properly",
              "timedOut": null,
              "duration": 13753,
              "state": "failed",
              "speed": null,
              "pass": false,
              "fail": true,
              "pending": false,
              "context": null,
              "code": "const errorCodes = [{\n  code: 500,\n  body: {\n    cod: 500,\n    message: \"Internal server error\"\n  }\n}, {\n  code: 422,\n  body: {\n    code: 422,\n    message: \"invalid input, please retype your city\"\n  }\n}, {\n  code: 401,\n  body: {\n    cod: 401,\n    message: \"Invalid API key. Please see http://openweathermap.org/faq#error401 for more info.\"\n  }\n}];\ncy.visit(_URL.default.serpPage);\ncy.wrap(errorCodes).each(({\n  code,\n  body\n}) => {\n  cy.intercept({\n    pathname: _API.default.dataFind\n  }, req => {\n    req.continue(res => {\n      res.statusCode = code;\n      res.body = body;\n    });\n  }).as(`mockedError${code}`);\n  cy.searchCity('Bien Hoa, VN');\n  cy.wait(`@mockedError${code}`).then(({\n    response\n  }) => {\n    expect(response.statusCode).to.equal(code);\n  });\n  switch (code) {\n    case 500:\n      //Assume a modal dialog is shown when error 500 is returned\n      cy.get(_Modal.default.frmErrorModal).should('be.visible');\n      break;\n    case 422:\n      //Assume an error validation message is shown when error 422 is returned\n      cy.get(_SERP.default.msgValidationError).should('be.visible').should('contain', body.message);\n      break;\n    case 401:\n      //Assume browser redirect to login page when error 401 is returned\n      cy.url().should('contain', 'login');\n      break;\n  }\n});",
              "err": {
                "message": "AssertionError: Timed out retrying after 4000ms: Expected to find element: `[data-refname=\"modal-error-modal\"]`, but never found it.",
                "estack": "AssertionError: Timed out retrying after 4000ms: Expected to find element: `[data-refname=\"modal-error-modal\"]`, but never found it.\n    at Context.eval (https://openweathermap.org/__cypress/tests?p=cypress\\Tests\\SERP.spec.js:374:48)",
                "diff": null
              },
              "uuid": "325bf5b5-06a0-4d5c-ac88-c855d046bc02",
              "parentUUID": "97692c34-b0c7-4e77-bd50-bb3e6ab02ad5",
              "isHook": false,
              "skipped": false
            },
            {
              "title": "TC4 - Verify city suggestions are displayed in the default measure system",
              "fullTitle": "Open Weather - SERP - UI Level TC4 - Verify city suggestions are displayed in the default measure system",
              "timedOut": null,
              "duration": 9478,
              "state": "passed",
              "speed": "slow",
              "pass": true,
              "fail": false,
              "pending": false,
              "context": null,
              "code": "const measureSystems = ['metric', 'imperial'];\nconst mockedDataFind = __webpack_require__(/*! ../Datasets/mockedDataFind.json */ \"./cypress/Datasets/mockedDataFind.json\");\ncy.visit(_URL.default.serpPage);\ncy.wait('@dataLoaded');\ncy.intercept({\n  pathname: _API.default.dataFind\n}, req => {\n  req.continue(res => {\n    res.statusCode = 200;\n    res.body = mockedDataFind;\n  });\n}).as('suggestionLoaded');\ncy.wrap(measureSystems).each(system => {\n  cy.selectMeasureSystem(system);\n  cy.get(_SERP.default.txtSearch).scrollIntoView().type('zurich,ch{enter}', {\n    force: true\n  });\n  cy.wait('@suggestionLoaded');\n  cy.get(_SERP.default.citySuggestions).scrollIntoView().matchImageSnapshot(`${system} - Suggested Cities`);\n});",
              "err": {},
              "uuid": "c58b063d-a4fa-4457-a77a-b27390ac6526",
              "parentUUID": "97692c34-b0c7-4e77-bd50-bb3e6ab02ad5",
              "isHook": false,
              "skipped": false
            },
            {
              "title": "TC5 - Verify invalid data is validated",
              "fullTitle": "Open Weather - SERP - UI Level TC5 - Verify invalid data is validated",
              "timedOut": null,
              "duration": 71,
              "state": "passed",
              "speed": "medium",
              "pass": true,
              "fail": false,
              "pending": false,
              "context": null,
              "code": "//The way to implement this test case will be similar to the TC1, so I won't write it down",
              "err": {},
              "uuid": "7acc25a1-fbfd-4ef8-a3b3-9bd96bdab696",
              "parentUUID": "97692c34-b0c7-4e77-bd50-bb3e6ab02ad5",
              "isHook": false,
              "skipped": false
            },
            {
              "title": "TC6 - Verify layout isn't broken on different screen sizes",
              "fullTitle": "Open Weather - SERP - UI Level TC6 - Verify layout isn't broken on different screen sizes",
              "timedOut": null,
              "duration": 30,
              "state": "passed",
              "speed": "fast",
              "pass": true,
              "fail": false,
              "pending": false,
              "context": null,
              "code": "//The way to implement this test case will be similar to the TC4, so I won't write it down",
              "err": {},
              "uuid": "287fb47d-f660-48d0-8277-9b58d70e1215",
              "parentUUID": "97692c34-b0c7-4e77-bd50-bb3e6ab02ad5",
              "isHook": false,
              "skipped": false
            }
          ],
          "suites": [],
          "passes": [
            "47db68ae-06aa-4c95-9476-4e890bea5082",
            "265432a0-e614-426f-a642-d5cb3af4466e",
            "c58b063d-a4fa-4457-a77a-b27390ac6526",
            "7acc25a1-fbfd-4ef8-a3b3-9bd96bdab696",
            "287fb47d-f660-48d0-8277-9b58d70e1215"
          ],
          "failures": [
            "325bf5b5-06a0-4d5c-ac88-c855d046bc02"
          ],
          "pending": [],
          "skipped": [],
          "duration": 47053,
          "root": false,
          "rootEmpty": false,
          "_timeout": 2000
        }
      ],
      "passes": [],
      "failures": [],
      "pending": [],
      "skipped": [],
      "duration": 0,
      "root": true,
      "rootEmpty": true,
      "_timeout": 2000
    }
  ],
  "meta": {
    "mocha": {
      "version": "7.0.1"
    },
    "mochawesome": {
      "options": {
        "quiet": true,
        "reportFilename": "mochawesome",
        "saveHtml": false,
        "saveJson": true,
        "consoleReporter": "spec",
        "useInlineDiffs": false,
        "code": true
      },
      "version": "6.2.2"
    },
    "marge": {
      "options": {
        "id": "default",
        "reportDir": "cypress/Reports/Mochawesome",
        "charts": true,
        "quiet": true,
        "overwrite": false,
        "html": false,
        "json": true
      },
      "version": "5.2.0"
    }
  }
}